2024-07-18 10:28:41,935 Using selector: EpollSelector
2024-07-18 10:28:42,629 Error: BrowserType.launch: Target page, context or browser has been closed
Browser logs:

<launching> /home/runner/.cache/ms-playwright/chromium-1124/chrome-linux/chrome --disable-field-trial-config --disable-background-networking --enable-features=NetworkService,NetworkServiceInProcess --disable-background-timer-throttling --disable-backgrounding-occluded-windows --disable-back-forward-cache --disable-breakpad --disable-client-side-phishing-detection --disable-component-extensions-with-background-pages --disable-component-update --no-default-browser-check --disable-default-apps --disable-dev-shm-usage --disable-extensions --disable-features=ImprovedCookieControls,LazyFrameLoading,GlobalMediaControls,DestroyProfileOnBrowserClose,MediaRouter,DialMediaRouteProvider,AcceptCHFrame,AutoExpandDetailsElement,CertificateTransparencyComponentUpdater,AvoidUnnecessaryBeforeUnloadCheckSync,Translate,HttpsUpgrades,PaintHolding --allow-pre-commit-input --disable-hang-monitor --disable-ipc-flooding-protection --disable-popup-blocking --disable-prompt-on-repost --disable-renderer-backgrounding --force-color-profile=srgb --metrics-recording-only --no-first-run --enable-automation --password-store=basic --use-mock-keychain --no-service-autorun --export-tagged-pdf --disable-search-engine-choice-screen --unsafely-disable-devtools-self-xss-warnings --enable-gpu --headless --hide-scrollbars --mute-audio --blink-settings=primaryHoverType=2,availableHoverTypes=2,primaryPointerType=4,availablePointerTypes=4 --no-sandbox --disable-gpu --single-process --user-data-dir=/tmp/playwright_chromiumdev_profile-XXXXXXWZnBpb --remote-debugging-pipe --no-startup-window
<launched> pid=2991
[pid=2991][err] [0718/102842.224799:WARNING:audio_manager_linux.cc(53)] Falling back to ALSA for audio output. PulseAudio is not available or could not be initialized.
[pid=2991][err] Received signal 11 SI_KERNEL000000000000
[pid=2991][err]  Possibly a General Protection Fault, can be due to a non-canonical address dereference. See "Intel 64 and IA-32 Architectures Software Developer’s Manual", Volume 1, Section 3.3.7.1.
[pid=2991][err] #0 0x557389cb08e2 base::debug::CollectStackTrace()
[pid=2991][err] #1 0x557389c9dcde base::debug::StackTrace::StackTrace()
[pid=2991][err] #2 0x557389cb02f1 base::debug::(anonymous namespace)::StackDumpSignalHandler()
[pid=2991][err] #3 0x7f7d02242520 (/usr/lib/x86_64-linux-gnu/libc.so.6+0x4251f)
[pid=2991][err] #4 0x7f7d02244c1d getenv
[pid=2991][err] #5 0x55738a6c502e FcParseCacheDir
[pid=2991][err] #6 0x55738a6c4abe FcEndElement
[pid=2991][err] #7 0x55738a6e38ff xmlParseEndTag1
[pid=2991][err] #8 0x55738a6e6e46 xmlParseChunk
[pid=2991][err] #9 0x55738a6c40b7 FcConfigParseAndLoadFromMemoryInternal
[pid=2991][err] #10 0x55738a6c3bfc _FcConfigParse
[pid=2991][err] #11 0x55738a6b728b FcInitLoadOwnConfig
[pid=2991][err] #12 0x55738a6b74e1 IA__FcInitLoadConfigAndFonts
[pid=2991][err] #13 0x55738a6a76d1 FcConfigInit
[pid=2991][err] #14 0x55738af57105 base::NoDestructor<>::NoDestructor<>()
[pid=2991][err] #15 0x55738af57096 base::internal::Invoker<>::RunOnce()
[pid=2991][err] #16 0x557389c42eef base::TaskAnnotator::RunTaskImpl()
[pid=2991][err] #17 0x557389c65fc7 base::internal::TaskTracker::RunTaskImpl()
[pid=2991][err] #18 0x557389c66061 base::internal::TaskTracker::RunSkipOnShutdown()
[pid=2991][err] #19 0x557389c65d36 base::internal::TaskTracker::RunTask()
[pid=2991][err] #20 0x557389c658c0 base::internal::TaskTracker::RunAndPopNextTask()
[pid=2991][err] #21 0x557389c77988 base::internal::WorkerThread::RunWorker()
[pid=2991][err] #22 0x557389c775ed base::internal::WorkerThread::RunPooledWorker()
[pid=2991][err] #23 0x557389c774ed base::internal::WorkerThread::ThreadMain()
[pid=2991][err] #24 0x557389c942ea base::(anonymous namespace)::ThreadFunc()
[pid=2991][err] #25 0x7f7d02294ac3 (/usr/lib/x86_64-linux-gnu/libc.so.6+0x94ac2)
[pid=2991][err] #26 0x7f7d02326850 (/usr/lib/x86_64-linux-gnu/libc.so.6+0x12684f)
[pid=2991][err]   r8: 0000124000415400  r9: 000011ec00231700 r10: 0000000000000019 r11: 000011ec00095a90
[pid=2991][err]  r12: 00dc220040120000 r13: 0000000000000004 r14: 0000000000000002 r15: 000055738284aa5e
[pid=2991][err]   di: 000055738284aa5c  si: 63746e6f662e2f7e  bp: 0000000000004f48  bx: 000012400022c800
[pid=2991][err]   dx: 000055738284aa5c  ax: 0000000000000004  cx: 6769666e6f63746e  sp: 00007f7cfc64c300
[pid=2991][err]   ip: 00007f7d02244c1d efl: 0000000000010206 cgf: 002b000000000033 erf: 0000000000000000
[pid=2991][err]  trp: 000000000000000d msk: 0000000000000000 cr2: 0000000000000000
[pid=2991][err] [end of stack trace]
Call log:
<launching> /home/runner/.cache/ms-playwright/chromium-1124/chrome-linux/chrome --disable-field-trial-config --disable-background-networking --enable-features=NetworkService,NetworkServiceInProcess --disable-background-timer-throttling --disable-backgrounding-occluded-windows --disable-back-forward-cache --disable-breakpad --disable-client-side-phishing-detection --disable-component-extensions-with-background-pages --disable-component-update --no-default-browser-check --disable-default-apps --disable-dev-shm-usage --disable-extensions --disable-features=ImprovedCookieControls,LazyFrameLoading,GlobalMediaControls,DestroyProfileOnBrowserClose,MediaRouter,DialMediaRouteProvider,AcceptCHFrame,AutoExpandDetailsElement,CertificateTransparencyComponentUpdater,AvoidUnnecessaryBeforeUnloadCheckSync,Translate,HttpsUpgrades,PaintHolding --allow-pre-commit-input --disable-hang-monitor --disable-ipc-flooding-protection --disable-popup-blocking --disable-prompt-on-repost --disable-renderer-backgrounding --force-color-profile=srgb --metrics-recording-only --no-first-run --enable-automation --password-store=basic --use-mock-keychain --no-service-autorun --export-tagged-pdf --disable-search-engine-choice-screen --unsafely-disable-devtools-self-xss-warnings --enable-gpu --headless --hide-scrollbars --mute-audio --blink-settings=primaryHoverType=2,availableHoverTypes=2,primaryPointerType=4,availablePointerTypes=4 --no-sandbox --disable-gpu --single-process --user-data-dir=/tmp/playwright_chromiumdev_profile-XXXXXXWZnBpb --remote-debugging-pipe --no-startup-window
  - <launched> pid=2991
  - [pid=2991][err] [0718/102842.224799:WARNING:audio_manager_linux.cc(53)] Falling back to ALSA for audio output. PulseAudio is not available or could not be initialized.
  - [pid=2991][err] Received signal 11 SI_KERNEL000000000000
  - [pid=2991][err]  Possibly a General Protection Fault, can be due to a non-canonical address dereference. See "Intel 64 and IA-32 Architectures Software Developer’s Manual", Volume 1, Section 3.3.7.1.
  - [pid=2991][err] #0 0x557389cb08e2 base::debug::CollectStackTrace()
  - [pid=2991][err] #1 0x557389c9dcde base::debug::StackTrace::StackTrace()
  - [pid=2991][err] #2 0x557389cb02f1 base::debug::(anonymous namespace)::StackDumpSignalHandler()
  - [pid=2991][err] #3 0x7f7d02242520 (/usr/lib/x86_64-linux-gnu/libc.so.6+0x4251f)
  - [pid=2991][err] #4 0x7f7d02244c1d getenv
  - [pid=2991][err] #5 0x55738a6c502e FcParseCacheDir
  - [pid=2991][err] #6 0x55738a6c4abe FcEndElement
  - [pid=2991][err] #7 0x55738a6e38ff xmlParseEndTag1
  - [pid=2991][err] #8 0x55738a6e6e46 xmlParseChunk
  - [pid=2991][err] #9 0x55738a6c40b7 FcConfigParseAndLoadFromMemoryInternal
  - [pid=2991][err] #10 0x55738a6c3bfc _FcConfigParse
  - [pid=2991][err] #11 0x55738a6b728b FcInitLoadOwnConfig
  - [pid=2991][err] #12 0x55738a6b74e1 IA__FcInitLoadConfigAndFonts
  - [pid=2991][err] #13 0x55738a6a76d1 FcConfigInit
  - [pid=2991][err] #14 0x55738af57105 base::NoDestructor<>::NoDestructor<>()
  - [pid=2991][err] #15 0x55738af57096 base::internal::Invoker<>::RunOnce()
  - [pid=2991][err] #16 0x557389c42eef base::TaskAnnotator::RunTaskImpl()
  - [pid=2991][err] #17 0x557389c65fc7 base::internal::TaskTracker::RunTaskImpl()
  - [pid=2991][err] #18 0x557389c66061 base::internal::TaskTracker::RunSkipOnShutdown()
  - [pid=2991][err] #19 0x557389c65d36 base::internal::TaskTracker::RunTask()
  - [pid=2991][err] #20 0x557389c658c0 base::internal::TaskTracker::RunAndPopNextTask()
  - [pid=2991][err] #21 0x557389c77988 base::internal::WorkerThread::RunWorker()
  - [pid=2991][err] #22 0x557389c775ed base::internal::WorkerThread::RunPooledWorker()
  - [pid=2991][err] #23 0x557389c774ed base::internal::WorkerThread::ThreadMain()
  - [pid=2991][err] #24 0x557389c942ea base::(anonymous namespace)::ThreadFunc()
  - [pid=2991][err] #25 0x7f7d02294ac3 (/usr/lib/x86_64-linux-gnu/libc.so.6+0x94ac2)
  - [pid=2991][err] #26 0x7f7d02326850 (/usr/lib/x86_64-linux-gnu/libc.so.6+0x12684f)
  - [pid=2991][err]   r8: 0000124000415400  r9: 000011ec00231700 r10: 0000000000000019 r11: 000011ec00095a90
  - [pid=2991][err]  r12: 00dc220040120000 r13: 0000000000000004 r14: 0000000000000002 r15: 000055738284aa5e
  - [pid=2991][err]   di: 000055738284aa5c  si: 63746e6f662e2f7e  bp: 0000000000004f48  bx: 000012400022c800
  - [pid=2991][err]   dx: 000055738284aa5c  ax: 0000000000000004  cx: 6769666e6f63746e  sp: 00007f7cfc64c300
  - [pid=2991][err]   ip: 00007f7d02244c1d efl: 0000000000010206 cgf: 002b000000000033 erf: 0000000000000000
  - [pid=2991][err]  trp: 000000000000000d msk: 0000000000000000 cr2: 0000000000000000
  - [pid=2991][err] [end of stack trace]

2024-07-18 10:28:42,630 Error: It looks like you are using Playwright Sync API inside the asyncio loop.
Please use the Async API instead.
